2026-05-25T21:29:51.4889595Z,Updating submodules.,214d3c96-ecbe-4ee9-b131-06614c789b53,0
2026-05-25T21:29:52.5685069Z,Preparing deployment for commit id 'e87b23a5-2'.,bf138f71-23b3-49ca-a46a-c6eb75a3dde0,0
2026-05-25T21:29:52.7850167Z,PreDeployment: context.CleanOutputPath False,0fd036dd-fd50-4b0a-befc-9a2cfa3f5d57,0
2026-05-25T21:29:52.8714832Z,PreDeployment: context.OutputPath /home/site/wwwroot,4122f4c4-502a-4699-b1af-e1910a175cf6,0
2026-05-25T21:29:52.9724245Z,Running build. Project type: OneDeploy,6d3bf137-639a-43b7-b240-568fe2e6738a,0
2026-05-25T21:29:53.0589934Z,Copying the manifest,5430f0ce-3167-4a67-a1fc-334357940b2f,0
2026-05-25T21:29:53.2213843Z,Running deployment command...,74ebadd2-4e21-43a6-85a7-0ded17cab911,0
	2026-05-25T21:29:53.2268211Z,Command: /opt/Kudu/Scripts/parallel_rsync.sh /tmp/zipdeploy/extracted /home/site/wwwroot 8 /tmp/ False False  ,,0
	2026-05-25T21:29:53.2741062Z,Run rsync from: /tmp/zipdeploy/extracted/ to: /home/site/wwwroot/ in 8 parallel threads,,0
	2026-05-25T21:29:53.2895086Z,Delete options: clean=False&comma; use manifest=False&comma; directory to ignore=,,0
	2026-05-25T21:29:53.3040979Z,Prev manifest = /home/site/deployments/c93713df-6388-4dba-aa55-8873da75feff/manifest and next /home/site/deployments/e87b23a5-237f-43ba-841e-3c5bff2fb24f/manifest,,0
	2026-05-25T21:29:53.3163654Z,Cleaning up /tmp//filelist.txt and /tmp//splits,,0
	2026-05-25T21:29:53.3671536Z,Creating a list of all files at /tmp//filelist.txt,,0
	2026-05-25T21:29:53.4006667Z,No directory to exclude.,,0
	2026-05-25T21:29:53.4210316Z,Created /tmp//filelist.txt. Total number of files to be synced = 383.,,0
	2026-05-25T21:29:53.4349019Z,Created batches from the list of files. Processing 48 files in each thread,,0
	2026-05-25T21:29:53.4493212Z,Running rsync for filelist /tmp//splits/split.aa from /tmp/zipdeploy/extracted/ to /home/site/wwwroot/,,0
	2026-05-25T21:29:53.4588812Z,Running rsync for filelist /tmp//splits/split.ab from /tmp/zipdeploy/extracted/ to /home/site/wwwroot/,,0
	2026-05-25T21:29:53.4732668Z,Running rsync for filelist /tmp//splits/split.ac from /tmp/zipdeploy/extracted/ to /home/site/wwwroot/,,0
	2026-05-25T21:29:53.4854655Z,Running rsync for filelist /tmp//splits/split.ae from /tmp/zipdeploy/extracted/ to /home/site/wwwroot/,,0
	2026-05-25T21:29:53.5004774Z,Running rsync for filelist /tmp//splits/split.ad from /tmp/zipdeploy/extracted/ to /home/site/wwwroot/,,0
	2026-05-25T21:29:53.5192829Z,Running rsync for filelist /tmp//splits/split.af from /tmp/zipdeploy/extracted/ to /home/site/wwwroot/,,0
	2026-05-25T21:29:53.5329304Z,Running rsync for filelist /tmp//splits/split.ag from /tmp/zipdeploy/extracted/ to /home/site/wwwroot/,,0
	2026-05-25T21:29:53.5411025Z,Running rsync for filelist /tmp//splits/split.ah from /tmp/zipdeploy/extracted/ to /home/site/wwwroot/,,0
	2026-05-25T21:29:53.5580022Z,,,0
	2026-05-25T21:29:53.6195307Z,Number of files: 47 (reg: 47),,0
	2026-05-25T21:29:53.6396592Z,Number of created files: 0,,0
	2026-05-25T21:29:53.6462913Z,Number of deleted files: 0,,0
	2026-05-25T21:29:53.6525358Z,Number of regular files transferred: 0,,0
	2026-05-25T21:29:53.6620736Z,Total file size: 12.31M bytes,,0
	2026-05-25T21:29:53.6717250Z,Total transferred file size: 0 bytes,,0
	2026-05-25T21:29:53.6780445Z,Literal data: 0 bytes,,0
	2026-05-25T21:29:53.6840745Z,Matched data: 0 bytes,,0
	2026-05-25T21:29:53.6905465Z,File list size: 0,,0
	2026-05-25T21:29:53.6964748Z,File list generation time: 0.003 seconds,,0
	2026-05-25T21:29:53.7026830Z,File list transfer time: 0.000 seconds,,0
	2026-05-25T21:29:53.7087779Z,Total bytes sent: 2.06K,,0
	2026-05-25T21:29:53.7153862Z,Total bytes received: 157,,0
	2026-05-25T21:29:53.7215596Z,,,0
	2026-05-25T21:29:53.7324525Z,sent 2.06K bytes  received 157 bytes  4.44K bytes/sec,,0
	2026-05-25T21:29:53.7385481Z,total size is 12.31M  speedup is 5&comma;548.36,,0
	2026-05-25T21:29:53.7448881Z,,,0
	2026-05-25T21:29:53.7516216Z,Number of files: 48 (reg: 48),,0
	2026-05-25T21:29:53.7575221Z,Number of created files: 0,,0
	2026-05-25T21:29:53.7645445Z,Number of deleted files: 0,,0
	2026-05-25T21:29:53.7706579Z,Number of regular files transferred: 0,,0
	2026-05-25T21:29:53.7769800Z,Total file size: 19.45M bytes,,0
	2026-05-25T21:29:53.7847798Z,Total transferred file size: 0 bytes,,0
	2026-05-25T21:29:53.7912194Z,Literal data: 0 bytes,,0
	2026-05-25T21:29:53.8000734Z,Matched data: 0 bytes,,0
	2026-05-25T21:29:53.8071347Z,File list size: 0,,0
	2026-05-25T21:29:53.8144936Z,File list generation time: 0.004 seconds,,0
	2026-05-25T21:29:53.8232056Z,File list transfer time: 0.000 seconds,,0
	2026-05-25T21:29:53.8320712Z,Total bytes sent: 1.97K,,0
	2026-05-25T21:29:53.8411938Z,Total bytes received: 160,,0
	2026-05-25T21:29:53.8470224Z,,,0
	2026-05-25T21:29:53.8527295Z,sent 1.97K bytes  received 160 bytes  4.26K bytes/sec,,0
	2026-05-25T21:29:53.8586390Z,total size is 19.45M  speedup is 9&comma;122.99,,0
	2026-05-25T21:29:53.8645196Z,Attempt 1: Rsync for filelist /tmp//splits/split.ah completed with exit code 0,,0
	2026-05-25T21:29:53.8708879Z,Attempt 1: Rsync for filelist /tmp//splits/split.ae completed with exit code 0,,0
	2026-05-25T21:29:53.8766379Z,,,0
	2026-05-25T21:29:53.8848880Z,Number of files: 48 (reg: 48),,0
	2026-05-25T21:29:53.8909927Z,Number of created files: 0,,0
	2026-05-25T21:29:53.8969622Z,Number of deleted files: 0,,0
	2026-05-25T21:29:53.9038034Z,Number of regular files transferred: 0,,0
	2026-05-25T21:29:53.9106883Z,Total file size: 24.86M bytes,,0
	2026-05-25T21:29:53.9200819Z,Total transferred file size: 0 bytes,,0
	2026-05-25T21:29:53.9303826Z,Literal data: 0 bytes,,0
	2026-05-25T21:29:53.9367466Z,Matched data: 0 bytes,,0
	2026-05-25T21:29:53.9430106Z,File list size: 0,,0
	2026-05-25T21:29:53.9537958Z,File list generation time: 0.010 seconds,,0
	2026-05-25T21:29:53.9599687Z,File list transfer time: 0.000 seconds,,0
	2026-05-25T21:29:53.9660178Z,Total bytes sent: 2.14K,,0
	2026-05-25T21:29:53.9774290Z,Total bytes received: 160,,0
	2026-05-25T21:29:53.9896102Z,,,0
	2026-05-25T21:29:53.9959364Z,sent 2.14K bytes  received 160 bytes  4.59K bytes/sec,,0
	2026-05-25T21:29:54.0040654Z,total size is 24.86M  speedup is 10&comma;824.08,,0
	2026-05-25T21:29:54.0104201Z,Attempt 1: Rsync for filelist /tmp//splits/split.aa completed with exit code 0,,0
	2026-05-25T21:29:54.0192784Z,,,0
	2026-05-25T21:29:54.0268441Z,Number of files: 48 (reg: 48),,0
	2026-05-25T21:29:54.0328605Z,Number of created files: 0,,0
	2026-05-25T21:29:54.0391837Z,Number of deleted files: 0,,0
	2026-05-25T21:29:54.0451708Z,Number of regular files transferred: 0,,0
	2026-05-25T21:29:54.0511419Z,Total file size: 16.05M bytes,,0
	2026-05-25T21:29:54.0611389Z,Total transferred file size: 0 bytes,,0
	2026-05-25T21:29:54.0677987Z,Literal data: 0 bytes,,0
	2026-05-25T21:29:54.0739593Z,Matched data: 0 bytes,,0
	2026-05-25T21:29:54.0804383Z,File list size: 0,,0
	2026-05-25T21:29:54.0871872Z,File list generation time: 0.031 seconds,,0
	2026-05-25T21:29:54.0946560Z,File list transfer time: 0.000 seconds,,0
	2026-05-25T21:29:54.1005548Z,Total bytes sent: 2.10K,,0
	2026-05-25T21:29:54.1071896Z,Total bytes received: 160,,0
	2026-05-25T21:29:54.1139459Z,,,0
	2026-05-25T21:29:54.1199103Z,sent 2.10K bytes  received 160 bytes  4.52K bytes/sec,,0
	2026-05-25T21:29:54.1268409Z,total size is 16.05M  speedup is 7&comma;100.46,,0
	2026-05-25T21:29:54.1330322Z,,,0
	2026-05-25T21:29:54.1408139Z,Number of files: 48 (reg: 48),,0
	2026-05-25T21:29:54.1469461Z,Number of created files: 0,,0
	2026-05-25T21:29:54.1530265Z,Number of deleted files: 0,,0
	2026-05-25T21:29:54.1588519Z,Number of regular files transferred: 0,,0
	2026-05-25T21:29:54.1649034Z,Total file size: 24.81M bytes,,0
	2026-05-25T21:29:54.1732938Z,Total transferred file size: 0 bytes,,0
	2026-05-25T21:29:54.1794469Z,Literal data: 0 bytes,,0
	2026-05-25T21:29:54.1867081Z,Matched data: 0 bytes,,0
	2026-05-25T21:29:54.1929275Z,File list size: 0,,0
	2026-05-25T21:29:54.1988478Z,File list generation time: 0.004 seconds,,0
	2026-05-25T21:29:54.2065705Z,File list transfer time: 0.000 seconds,,0
	2026-05-25T21:29:54.2147802Z,Total bytes sent: 2.07K,,0
	2026-05-25T21:29:54.2212952Z,Total bytes received: 160,,0
	2026-05-25T21:29:54.2276299Z,,,0
	2026-05-25T21:29:54.2335856Z,sent 2.07K bytes  received 160 bytes  4.46K bytes/sec,,0
	2026-05-25T21:29:54.2402033Z,total size is 24.81M  speedup is 11&comma;136.72,,0
	2026-05-25T21:29:54.2470381Z,Attempt 1: Rsync for filelist /tmp//splits/split.ab completed with exit code 0,,0
	2026-05-25T21:29:54.2539052Z,Attempt 1: Rsync for filelist /tmp//splits/split.ag completed with exit code 0,,0
	2026-05-25T21:29:54.2597054Z,,,0
	2026-05-25T21:29:54.2655953Z,Number of files: 48 (reg: 48),,0
	2026-05-25T21:29:54.2719104Z,Number of created files: 0,,0
	2026-05-25T21:29:54.2789604Z,Number of deleted files: 0,,0
	2026-05-25T21:29:54.2863017Z,Number of regular files transferred: 0,,0
	2026-05-25T21:29:54.2960509Z,Total file size: 9.07M bytes,,0
	2026-05-25T21:29:54.3019886Z,Total transferred file size: 0 bytes,,0
	2026-05-25T21:29:54.3090382Z,Literal data: 0 bytes,,0
	2026-05-25T21:29:54.3158592Z,Matched data: 0 bytes,,0
	2026-05-25T21:29:54.3217619Z,File list size: 0,,0
	2026-05-25T21:29:54.3285698Z,File list generation time: 0.020 seconds,,0
	2026-05-25T21:29:54.3342246Z,File list transfer time: 0.000 seconds,,0
	2026-05-25T21:29:54.3405402Z,Total bytes sent: 1.94K,,0
	2026-05-25T21:29:54.3498711Z,Total bytes received: 160,,0
	2026-05-25T21:29:54.3558426Z,,,0
	2026-05-25T21:29:54.3620463Z,sent 1.94K bytes  received 160 bytes  4.20K bytes/sec,,0
	2026-05-25T21:29:54.3678035Z,total size is 9.07M  speedup is 4&comma;316.10,,0
	2026-05-25T21:29:54.3739249Z,Attempt 1: Rsync for filelist /tmp//splits/split.ad completed with exit code 0,,0
	2026-05-25T21:29:54.3799893Z,,,0
	2026-05-25T21:29:54.3857755Z,Number of files: 48 (reg: 48),,0
	2026-05-25T21:29:54.3916999Z,Number of created files: 0,,0
	2026-05-25T21:29:54.3974331Z,Number of deleted files: 0,,0
	2026-05-25T21:29:54.4070537Z,Number of regular files transferred: 1,,0
	2026-05-25T21:29:54.4133811Z,Total file size: 10.16M bytes,,0
	2026-05-25T21:29:54.4191483Z,Total transferred file size: 186.37K bytes,,0
	2026-05-25T21:29:54.4252406Z,Literal data: 186.37K bytes,,0
	2026-05-25T21:29:54.4310949Z,Matched data: 0 bytes,,0
	2026-05-25T21:29:54.4369316Z,File list size: 0,,0
	2026-05-25T21:29:54.4434194Z,File list generation time: 0.004 seconds,,0
	2026-05-25T21:29:54.4492596Z,File list transfer time: 0.000 seconds,,0
	2026-05-25T21:29:54.4553774Z,Total bytes sent: 75.01K,,0
	2026-05-25T21:29:54.4612995Z,Total bytes received: 176,,0
	2026-05-25T21:29:54.4673959Z,,,0
	2026-05-25T21:29:54.4732958Z,sent 75.01K bytes  received 176 bytes  150.37K bytes/sec,,0
	2026-05-25T21:29:54.4793112Z,total size is 10.16M  speedup is 135.07,,0
	2026-05-25T21:29:54.4856952Z,Attempt 1: Rsync for filelist /tmp//splits/split.ac completed with exit code 0,,0
	2026-05-25T21:29:54.4915065Z,,,0
	2026-05-25T21:29:54.4974205Z,Number of files: 48 (reg: 48),,0
	2026-05-25T21:29:54.5039571Z,Number of created files: 0,,0
	2026-05-25T21:29:54.5103375Z,Number of deleted files: 0,,0
	2026-05-25T21:29:54.5351262Z,Number of regular files transferred: 2,,0
	2026-05-25T21:29:54.5414493Z,Total file size: 13.38M bytes,,0
	2026-05-25T21:29:54.5515038Z,Total transferred file size: 135.85K bytes,,0
	2026-05-25T21:29:54.5579439Z,Literal data: 135.85K bytes,,0
	2026-05-25T21:29:54.5671208Z,Matched data: 0 bytes,,0
	2026-05-25T21:29:54.5746485Z,File list size: 0,,0
	2026-05-25T21:29:54.5833699Z,File list generation time: 0.003 seconds,,0
	2026-05-25T21:29:54.5959974Z,File list transfer time: 0.000 seconds,,0
	2026-05-25T21:29:54.6024492Z,Total bytes sent: 64.92K,,0
	2026-05-25T21:29:54.6089337Z,Total bytes received: 192,,0
	2026-05-25T21:29:54.6153288Z,,,0
	2026-05-25T21:29:54.6210807Z,sent 64.92K bytes  received 192 bytes  130.21K bytes/sec,,0
	2026-05-25T21:29:54.6267907Z,total size is 13.38M  speedup is 205.44,,0
	2026-05-25T21:29:54.6352144Z,Attempt 1: Rsync for filelist /tmp//splits/split.af completed with exit code 0,,0
	2026-05-25T21:29:54.6411716Z,Completed successfully in 0 seconds,,0
2026-05-25T21:29:54.7307537Z,Build completed succesfully.,81c9d91d-1715-4c80-bdde-9a518931c288,0
2026-05-25T21:29:54.8147024Z,Running post deployment command(s)...,daa8e115-11ec-41d6-a5ca-4330083faf52,0
2026-05-25T21:29:54.9036837Z,Triggering container recycle for OneDeploy by adding/updating restartTrigger.txt to the site root path,6e809d3c-3f5a-467a-8b99-9e3d3848cf8c,0
2026-05-25T21:29:55.0185700Z,Deployment successful. deployer = OneDeploy deploymentPath = OneDeploy,2c960bef-9ec0-4851-bd8f-4e6c89d96f97,0
